<?xml version="1.0" encoding="UTF-8"?>
<!-- Generated by org.testng.reporters.JUnitReportReporter -->
<testsuite skipped="0" hostname="naveenautomationlabss-MacBook-Pro.local" name="com.qa.hubspot.tests.ContactsPageTest" tests="1" failures="0" timestamp="08 Oct 2020 02:25:30 GMT" time="112.768" errors="0">
  <testcase name="createContactTest" time="112.768" classname="com.qa.hubspot.tests.ContactsPageTest"/>
</testsuite> <!-- com.qa.hubspot.tests.ContactsPageTest -->
